Connecting to database specified by database.yml
Connecting to database specified by database.yml
  [1m[36m (0.1ms)[0m  [1mselect sqlite_version(*)[0m
  [1m[35m (165.2ms)[0m  CREATE TABLE "schema_migrations" ("version" varchar(255) NOT NULL) 
  [1m[36m (149.4ms)[0m  [1mCREATE UNIQUE INDEX "unique_schema_migrations" ON "schema_migrations" ("version")[0m
  [1m[35m (0.9ms)[0m  SELECT "schema_migrations"."version" FROM "schema_migrations" 
Migrating to CreateTodos (20150805070157)
  [1m[36m (0.0ms)[0m  [1mbegin transaction[0m
  [1m[35m (0.3ms)[0m  CREATE TABLE "todos" ("id" INTEGER PRIMARY KEY AUTOINCREMENT NOT NULL, "todo_item" varchar(255), "created_at" datetime NOT NULL, "updated_at" datetime NOT NULL) 
  [1m[36m (0.1ms)[0m  [1mINSERT INTO "schema_migrations" ("version") VALUES ('20150805070157')[0m
  [1m[35m (104.2ms)[0m  commit transaction
  [1m[36m (0.1ms)[0m  [1mSELECT "schema_migrations"."version" FROM "schema_migrations" [0m
Connecting to database specified by database.yml


Started GET "/todos/index" for 127.0.0.1 at 2015-08-05 12:44:18 +0530
Connecting to database specified by database.yml
Processing by TodosController#index as HTML
  Rendered todos/index.html.erb within layouts/application (1.6ms)
Sprockets Cache miss "file_digest:/home/zakir/Temp/todo_app/app/assets/stylesheets/application.css:1438758052"  (1ms)
Sprockets Cache miss "file_digest:/home/zakir/Temp/todo_app/app/assets/stylesheets:1438758108"  (1ms)
Sprockets Cache miss "file_digest:/home/zakir/Temp/todo_app/app/assets/stylesheets/todos.css.scss:1438758108"  (1ms)
Completed 500 Internal Server Error in 232.0ms

ActionView::Template::Error (undefined method `[]' for nil:NilClass):
    2: <html>
    3: <head>
    4:   <title>TodoApp</title>
    5:   <%= stylesheet_link_tag    "application", :media => "all" %>
    6:   <%= javascript_include_tag "application" %>
    7:   <%= csrf_meta_tags %>
    8: </head>
  app/views/layouts/application.html.erb:5:in `_app_views_layouts_application_html_erb__1276567114020455439_26385980'


  Rendered /usr/lib/ruby/vendor_ruby/action_dispatch/middleware/templates/rescues/_trace.erb (0.9ms)
  Rendered /usr/lib/ruby/vendor_ruby/action_dispatch/middleware/templates/rescues/_request_and_response.erb (0.7ms)
  Rendered /usr/lib/ruby/vendor_ruby/action_dispatch/middleware/templates/rescues/template_error.erb within rescues/layout (5.2ms)


Started GET "/todos/index" for 127.0.0.1 at 2015-08-05 12:49:17 +0530
Processing by TodosController#index as HTML
  Rendered todos/index.html.erb within layouts/application (0.0ms)
Completed 500 Internal Server Error in 3.8ms

ActionView::Template::Error (undefined method `[]' for nil:NilClass):
    2: <html>
    3: <head>
    4:   <title>TodoApp</title>
    5:   <%= stylesheet_link_tag    "application", :media => "all" %>
    6:   <%= javascript_include_tag "application" %>
    7:   <%= csrf_meta_tags %>
    8: </head>
  app/views/layouts/application.html.erb:5:in `_app_views_layouts_application_html_erb__1276567114020455439_26385980'


  Rendered /usr/lib/ruby/vendor_ruby/action_dispatch/middleware/templates/rescues/_trace.erb (1.0ms)
  Rendered /usr/lib/ruby/vendor_ruby/action_dispatch/middleware/templates/rescues/_request_and_response.erb (0.9ms)
  Rendered /usr/lib/ruby/vendor_ruby/action_dispatch/middleware/templates/rescues/template_error.erb within rescues/layout (5.8ms)


Started GET "/todos/index" for 127.0.0.1 at 2015-08-05 12:49:19 +0530
Processing by TodosController#index as HTML
  Rendered todos/index.html.erb within layouts/application (0.1ms)
Completed 500 Internal Server Error in 3.9ms

ActionView::Template::Error (undefined method `[]' for nil:NilClass):
    2: <html>
    3: <head>
    4:   <title>TodoApp</title>
    5:   <%= stylesheet_link_tag    "application", :media => "all" %>
    6:   <%= javascript_include_tag "application" %>
    7:   <%= csrf_meta_tags %>
    8: </head>
  app/views/layouts/application.html.erb:5:in `_app_views_layouts_application_html_erb__1276567114020455439_26385980'


  Rendered /usr/lib/ruby/vendor_ruby/action_dispatch/middleware/templates/rescues/_trace.erb (1.0ms)
  Rendered /usr/lib/ruby/vendor_ruby/action_dispatch/middleware/templates/rescues/_request_and_response.erb (0.8ms)
  Rendered /usr/lib/ruby/vendor_ruby/action_dispatch/middleware/templates/rescues/template_error.erb within rescues/layout (5.6ms)


Started GET "/todos/index" for 127.0.0.1 at 2015-08-05 12:49:19 +0530
Processing by TodosController#index as HTML
  Rendered todos/index.html.erb within layouts/application (0.0ms)
Completed 500 Internal Server Error in 4.5ms

ActionView::Template::Error (undefined method `[]' for nil:NilClass):
    2: <html>
    3: <head>
    4:   <title>TodoApp</title>
    5:   <%= stylesheet_link_tag    "application", :media => "all" %>
    6:   <%= javascript_include_tag "application" %>
    7:   <%= csrf_meta_tags %>
    8: </head>
  app/views/layouts/application.html.erb:5:in `_app_views_layouts_application_html_erb__1276567114020455439_26385980'


  Rendered /usr/lib/ruby/vendor_ruby/action_dispatch/middleware/templates/rescues/_trace.erb (0.9ms)
  Rendered /usr/lib/ruby/vendor_ruby/action_dispatch/middleware/templates/rescues/_request_and_response.erb (0.7ms)
  Rendered /usr/lib/ruby/vendor_ruby/action_dispatch/middleware/templates/rescues/template_error.erb within rescues/layout (4.8ms)


Started GET "/todos/index" for 127.0.0.1 at 2015-08-05 12:49:19 +0530
Processing by TodosController#index as HTML
  Rendered todos/index.html.erb within layouts/application (0.1ms)
Completed 500 Internal Server Error in 5.6ms

ActionView::Template::Error (undefined method `[]' for nil:NilClass):
    2: <html>
    3: <head>
    4:   <title>TodoApp</title>
    5:   <%= stylesheet_link_tag    "application", :media => "all" %>
    6:   <%= javascript_include_tag "application" %>
    7:   <%= csrf_meta_tags %>
    8: </head>
  app/views/layouts/application.html.erb:5:in `_app_views_layouts_application_html_erb__1276567114020455439_26385980'


  Rendered /usr/lib/ruby/vendor_ruby/action_dispatch/middleware/templates/rescues/_trace.erb (1.0ms)
  Rendered /usr/lib/ruby/vendor_ruby/action_dispatch/middleware/templates/rescues/_request_and_response.erb (0.7ms)
  Rendered /usr/lib/ruby/vendor_ruby/action_dispatch/middleware/templates/rescues/template_error.erb within rescues/layout (5.3ms)


Started GET "/todos/index" for 127.0.0.1 at 2015-08-05 12:49:55 +0530
Processing by TodosController#index as HTML
  Rendered todos/index.html.erb within layouts/application (0.0ms)
Completed 500 Internal Server Error in 4.2ms

ActionView::Template::Error (undefined method `[]' for nil:NilClass):
    2: <html>
    3: <head>
    4:   <title>TodoApp</title>
    5:   <%= stylesheet_link_tag    "application", :media => "all" %>
    6:   <%= javascript_include_tag "application" %>
    7:   <%= csrf_meta_tags %>
    8: </head>
  app/views/layouts/application.html.erb:5:in `_app_views_layouts_application_html_erb__1276567114020455439_26385980'


  Rendered /usr/lib/ruby/vendor_ruby/action_dispatch/middleware/templates/rescues/_trace.erb (1.1ms)
  Rendered /usr/lib/ruby/vendor_ruby/action_dispatch/middleware/templates/rescues/_request_and_response.erb (1.2ms)
  Rendered /usr/lib/ruby/vendor_ruby/action_dispatch/middleware/templates/rescues/template_error.erb within rescues/layout (6.5ms)


Started GET "/todos/index" for 127.0.0.1 at 2015-08-05 12:49:58 +0530
Processing by TodosController#index as HTML
  Rendered todos/index.html.erb within layouts/application (0.0ms)
Completed 500 Internal Server Error in 3.9ms

ActionView::Template::Error (undefined method `[]' for nil:NilClass):
    2: <html>
    3: <head>
    4:   <title>TodoApp</title>
    5:   <%= stylesheet_link_tag    "application", :media => "all" %>
    6:   <%= javascript_include_tag "application" %>
    7:   <%= csrf_meta_tags %>
    8: </head>
  app/views/layouts/application.html.erb:5:in `_app_views_layouts_application_html_erb__1276567114020455439_26385980'


  Rendered /usr/lib/ruby/vendor_ruby/action_dispatch/middleware/templates/rescues/_trace.erb (0.9ms)
  Rendered /usr/lib/ruby/vendor_ruby/action_dispatch/middleware/templates/rescues/_request_and_response.erb (0.7ms)
  Rendered /usr/lib/ruby/vendor_ruby/action_dispatch/middleware/templates/rescues/template_error.erb within rescues/layout (4.9ms)


Started GET "/todos/index" for 127.0.0.1 at 2015-08-05 12:49:59 +0530
Processing by TodosController#index as HTML
  Rendered todos/index.html.erb within layouts/application (0.0ms)
Completed 500 Internal Server Error in 3.7ms

ActionView::Template::Error (undefined method `[]' for nil:NilClass):
    2: <html>
    3: <head>
    4:   <title>TodoApp</title>
    5:   <%= stylesheet_link_tag    "application", :media => "all" %>
    6:   <%= javascript_include_tag "application" %>
    7:   <%= csrf_meta_tags %>
    8: </head>
  app/views/layouts/application.html.erb:5:in `_app_views_layouts_application_html_erb__1276567114020455439_26385980'


  Rendered /usr/lib/ruby/vendor_ruby/action_dispatch/middleware/templates/rescues/_trace.erb (1.0ms)
  Rendered /usr/lib/ruby/vendor_ruby/action_dispatch/middleware/templates/rescues/_request_and_response.erb (0.6ms)
  Rendered /usr/lib/ruby/vendor_ruby/action_dispatch/middleware/templates/rescues/template_error.erb within rescues/layout (5.2ms)


Started GET "/todos/index" for 127.0.0.1 at 2015-08-05 12:50:00 +0530
Processing by TodosController#index as HTML
  Rendered todos/index.html.erb within layouts/application (0.0ms)
Completed 500 Internal Server Error in 3.6ms

ActionView::Template::Error (undefined method `[]' for nil:NilClass):
    2: <html>
    3: <head>
    4:   <title>TodoApp</title>
    5:   <%= stylesheet_link_tag    "application", :media => "all" %>
    6:   <%= javascript_include_tag "application" %>
    7:   <%= csrf_meta_tags %>
    8: </head>
  app/views/layouts/application.html.erb:5:in `_app_views_layouts_application_html_erb__1276567114020455439_26385980'


  Rendered /usr/lib/ruby/vendor_ruby/action_dispatch/middleware/templates/rescues/_trace.erb (0.9ms)
  Rendered /usr/lib/ruby/vendor_ruby/action_dispatch/middleware/templates/rescues/_request_and_response.erb (0.9ms)
  Rendered /usr/lib/ruby/vendor_ruby/action_dispatch/middleware/templates/rescues/template_error.erb within rescues/layout (5.8ms)


Started GET "/todos/index" for 127.0.0.1 at 2015-08-05 12:54:22 +0530
Connecting to database specified by database.yml

ActionController::RoutingError (uninitialized constant ApplicationController):
  app/controllers/application_controller.rb:1:in `<top (required)>'
  app/controllers/todos_controller.rb:1:in `<top (required)>'


  Rendered /usr/lib/ruby/vendor_ruby/action_dispatch/middleware/templates/rescues/routing_error.erb within rescues/layout (3.8ms)
Connecting to database specified by database.yml


Started GET "/todos/index" for 127.0.0.1 at 2015-08-05 12:55:55 +0530
Connecting to database specified by database.yml
Processing by TodosController#index as HTML
  [1m[36mTodo Load (0.1ms)[0m  [1mSELECT "todos".* FROM "todos" [0m
  Rendered todos/index.html.erb within layouts/application (2.2ms)
Completed 500 Internal Server Error in 251.0ms

ActionView::Template::Error (undefined method `[]' for nil:NilClass):
    2: <html>
    3: <head>
    4:   <title>TodoApp</title>
    5:   <%= stylesheet_link_tag    "application", :media => "all" %>
    6:   <%= javascript_include_tag "application" %>
    7:   <%= csrf_meta_tags %>
    8: </head>
  app/views/layouts/application.html.erb:5:in `_app_views_layouts_application_html_erb___533597460512884049_26206220'


  Rendered /usr/lib/ruby/vendor_ruby/action_dispatch/middleware/templates/rescues/_trace.erb (1.1ms)
  Rendered /usr/lib/ruby/vendor_ruby/action_dispatch/middleware/templates/rescues/_request_and_response.erb (0.8ms)
  Rendered /usr/lib/ruby/vendor_ruby/action_dispatch/middleware/templates/rescues/template_error.erb within rescues/layout (5.8ms)


Started GET "/todos/index" for 127.0.0.1 at 2015-08-05 12:58:39 +0530
Processing by TodosController#index as HTML
  [1m[35mTodo Load (0.1ms)[0m  SELECT "todos".* FROM "todos" 
  Rendered todos/index.html.erb within layouts/application (0.1ms)
Completed 500 Internal Server Error in 8.8ms

ActionView::Template::Error (undefined method `[]' for nil:NilClass):
    2: <html>
    3: <head>
    4:   <title>TodoApp</title>
    5: <!--   <%= stylesheet_link_tag    "application", :media => "all" %>
    6:  -->  <%= javascript_include_tag "application" %>
    7:   <%= csrf_meta_tags %>
    8: </head>
  app/views/layouts/application.html.erb:5:in `_app_views_layouts_application_html_erb___533597460512884049_70087209872600'


  Rendered /usr/lib/ruby/vendor_ruby/action_dispatch/middleware/templates/rescues/_trace.erb (1.2ms)
  Rendered /usr/lib/ruby/vendor_ruby/action_dispatch/middleware/templates/rescues/_request_and_response.erb (0.8ms)
  Rendered /usr/lib/ruby/vendor_ruby/action_dispatch/middleware/templates/rescues/template_error.erb within rescues/layout (5.9ms)


Started GET "/todos/index" for 127.0.0.1 at 2015-08-05 12:59:12 +0530
Processing by TodosController#index as HTML
  [1m[36mTodo Load (0.2ms)[0m  [1mSELECT "todos".* FROM "todos" [0m
  Rendered todos/index.html.erb within layouts/application (0.1ms)
Completed 200 OK in 4.7ms (Views: 3.0ms | ActiveRecord: 0.2ms)


Started GET "/todos/index" for 127.0.0.1 at 2015-08-05 12:59:24 +0530
Processing by TodosController#index as HTML
  [1m[35mTodo Load (0.2ms)[0m  SELECT "todos".* FROM "todos" 
  Rendered todos/index.html.erb within layouts/application (0.1ms)
Completed 500 Internal Server Error in 6.3ms

ActionView::Template::Error (undefined method `[]' for nil:NilClass):
    2: <html>
    3: <head>
    4:   <title>TodoApp</title>
    5:   <%= stylesheet_link_tag    "application", :media => "all" %>
    6:   <%= javascript_include_tag "application" %>
    7:   <%= csrf_meta_tags %>
    8: </head>
  app/views/layouts/application.html.erb:5:in `_app_views_layouts_application_html_erb___533597460512884049_70087201798320'


  Rendered /usr/lib/ruby/vendor_ruby/action_dispatch/middleware/templates/rescues/_trace.erb (1.0ms)
  Rendered /usr/lib/ruby/vendor_ruby/action_dispatch/middleware/templates/rescues/_request_and_response.erb (1.0ms)
  Rendered /usr/lib/ruby/vendor_ruby/action_dispatch/middleware/templates/rescues/template_error.erb within rescues/layout (6.3ms)


Started GET "/todos/index" for 127.0.0.1 at 2015-08-05 13:04:40 +0530
Processing by TodosController#index as HTML
  [1m[36mTodo Load (12.2ms)[0m  [1mSELECT "todos".* FROM "todos" [0m
  Rendered todos/index.html.erb within layouts/application (0.1ms)
Completed 500 Internal Server Error in 27.9ms

ActionView::Template::Error (undefined method `[]' for nil:NilClass):
    2: <html>
    3: <head>
    4:   <title>TodoApp</title>
    5:   <%= stylesheet_link_tag    "application", :media => "all" %>
    6:   <%= javascript_include_tag "application" %>
    7:   <%= csrf_meta_tags %>
    8: </head>
  app/views/layouts/application.html.erb:5:in `_app_views_layouts_application_html_erb___533597460512884049_70087209884720'


  Rendered /usr/lib/ruby/vendor_ruby/action_dispatch/middleware/templates/rescues/_trace.erb (0.9ms)
  Rendered /usr/lib/ruby/vendor_ruby/action_dispatch/middleware/templates/rescues/_request_and_response.erb (0.6ms)
  Rendered /usr/lib/ruby/vendor_ruby/action_dispatch/middleware/templates/rescues/template_error.erb within rescues/layout (4.8ms)


Started GET "/todos/index" for 127.0.0.1 at 2015-08-05 13:06:15 +0530
Processing by TodosController#index as HTML
  [1m[35mTodo Load (0.2ms)[0m  SELECT "todos".* FROM "todos" 
  Rendered todos/index.html.erb within layouts/application (0.1ms)
Completed 500 Internal Server Error in 6.4ms

ActionView::Template::Error (undefined method `[]' for nil:NilClass):
    2: <html>
    3: <head>
    4:   <title>TodoApp</title>
    5:   <%= stylesheet_link_tag 'application' %>
    6:     <%= javascript_include_tag 'application' %> 
    7:     <%= csrf_meta_tags %>
    8: </head>
  app/views/layouts/application.html.erb:5:in `_app_views_layouts_application_html_erb___533597460512884049_70087209496980'


  Rendered /usr/lib/ruby/vendor_ruby/action_dispatch/middleware/templates/rescues/_trace.erb (1.9ms)
  Rendered /usr/lib/ruby/vendor_ruby/action_dispatch/middleware/templates/rescues/_request_and_response.erb (0.8ms)
  Rendered /usr/lib/ruby/vendor_ruby/action_dispatch/middleware/templates/rescues/template_error.erb within rescues/layout (7.4ms)


Started GET "/todos/index" for 127.0.0.1 at 2015-08-05 13:06:58 +0530
Processing by TodosController#index as HTML
  [1m[36mTodo Load (0.1ms)[0m  [1mSELECT "todos".* FROM "todos" [0m
  Rendered todos/index.html.erb within layouts/application (0.1ms)
Completed 500 Internal Server Error in 4.9ms

ActionView::Template::Error (undefined method `[]' for nil:NilClass):
    2: <html>
    3: <head>
    4:   <title>TodoApp</title>
    5: <!--   <%= stylesheet_link_tag 'application' %>
    6:     <%= javascript_include_tag 'application' %> 
    7:     <%= csrf_meta_tags %> -->
    8: </head>
  app/views/layouts/application.html.erb:5:in `_app_views_layouts_application_html_erb___533597460512884049_70087207581100'


  Rendered /usr/lib/ruby/vendor_ruby/action_dispatch/middleware/templates/rescues/_trace.erb (1.1ms)
  Rendered /usr/lib/ruby/vendor_ruby/action_dispatch/middleware/templates/rescues/_request_and_response.erb (0.8ms)
  Rendered /usr/lib/ruby/vendor_ruby/action_dispatch/middleware/templates/rescues/template_error.erb within rescues/layout (6.2ms)


Started GET "/todos/index" for 127.0.0.1 at 2015-08-05 13:07:00 +0530
Processing by TodosController#index as HTML
  [1m[35mTodo Load (0.2ms)[0m  SELECT "todos".* FROM "todos" 
  Rendered todos/index.html.erb within layouts/application (0.1ms)
Completed 500 Internal Server Error in 4.8ms

ActionView::Template::Error (undefined method `[]' for nil:NilClass):
    2: <html>
    3: <head>
    4:   <title>TodoApp</title>
    5: <!--   <%= stylesheet_link_tag 'application' %>
    6:     <%= javascript_include_tag 'application' %> 
    7:     <%= csrf_meta_tags %> -->
    8: </head>
  app/views/layouts/application.html.erb:5:in `_app_views_layouts_application_html_erb___533597460512884049_70087207581100'


  Rendered /usr/lib/ruby/vendor_ruby/action_dispatch/middleware/templates/rescues/_trace.erb (0.8ms)
  Rendered /usr/lib/ruby/vendor_ruby/action_dispatch/middleware/templates/rescues/_request_and_response.erb (0.9ms)
  Rendered /usr/lib/ruby/vendor_ruby/action_dispatch/middleware/templates/rescues/template_error.erb within rescues/layout (41.3ms)


Started GET "/todos/index" for 127.0.0.1 at 2015-08-05 13:07:23 +0530
Connecting to database specified by database.yml
Processing by TodosController#index as HTML
  [1m[36mTodo Load (0.1ms)[0m  [1mSELECT "todos".* FROM "todos" [0m
  Rendered todos/index.html.erb within layouts/application (2.5ms)
Completed 500 Internal Server Error in 256.7ms

ActionView::Template::Error (undefined method `[]' for nil:NilClass):
    2: <html>
    3: <head>
    4:   <title>TodoApp</title>
    5: <!--   <%= stylesheet_link_tag 'application' %>
    6:     <%= javascript_include_tag 'application' %> 
    7:     <%= csrf_meta_tags %> -->
    8: </head>
  app/views/layouts/application.html.erb:5:in `_app_views_layouts_application_html_erb__3718584321669690456_20193700'


  Rendered /usr/lib/ruby/vendor_ruby/action_dispatch/middleware/templates/rescues/_trace.erb (1.1ms)
  Rendered /usr/lib/ruby/vendor_ruby/action_dispatch/middleware/templates/rescues/_request_and_response.erb (0.8ms)
  Rendered /usr/lib/ruby/vendor_ruby/action_dispatch/middleware/templates/rescues/template_error.erb within rescues/layout (5.7ms)


Started GET "/todos/index" for 127.0.0.1 at 2015-08-05 13:07:38 +0530
Processing by TodosController#index as HTML
  [1m[35mTodo Load (0.2ms)[0m  SELECT "todos".* FROM "todos" 
  Rendered todos/index.html.erb within layouts/application (0.1ms)
Completed 200 OK in 2.9ms (Views: 1.8ms | ActiveRecord: 0.2ms)


Started GET "/todos/index" for 127.0.0.1 at 2015-08-05 13:12:00 +0530
Processing by TodosController#index as HTML
  [1m[36mTodo Load (0.2ms)[0m  [1mSELECT "todos".* FROM "todos" [0m
  Rendered todos/index.html.erb within layouts/application (0.6ms)
Completed 200 OK in 3.8ms (Views: 2.5ms | ActiveRecord: 0.2ms)


Started GET "/todos/index" for 127.0.0.1 at 2015-08-05 13:13:57 +0530
Processing by TodosController#index as HTML
  [1m[35mTodo Load (0.2ms)[0m  SELECT "todos".* FROM "todos" 
  Rendered todos/index.html.erb within layouts/application (0.1ms)
Sprockets Cache miss "file_digest:/home/zakir/Temp/todo_app/app/assets/stylesheets:1438760449"  (14ms)
Sprockets Cache miss "file_digest:/home/zakir/Temp/todo_app/app/assets/stylesheets/bootstrap.css:1438760449"  (2ms)
Completed 500 Internal Server Error in 36.0ms

ActionView::Template::Error (undefined method `[]' for nil:NilClass):
    2: <html>
    3: <head>
    4:   <title>TodoApp</title>
    5: <%= stylesheet_link_tag "application", :media => "all" %>
    6: <%= javascript_include_tag "application" %>
    7: </head>
    8: <body>
  app/views/layouts/application.html.erb:5:in `_app_views_layouts_application_html_erb__3718584321669690456_25981000'


  Rendered /usr/lib/ruby/vendor_ruby/action_dispatch/middleware/templates/rescues/_trace.erb (0.8ms)
  Rendered /usr/lib/ruby/vendor_ruby/action_dispatch/middleware/templates/rescues/_request_and_response.erb (0.6ms)
  Rendered /usr/lib/ruby/vendor_ruby/action_dispatch/middleware/templates/rescues/template_error.erb within rescues/layout (4.8ms)


Started GET "/todos/index" for 127.0.0.1 at 2015-08-05 13:14:33 +0530
Processing by TodosController#index as HTML
  [1m[36mTodo Load (0.1ms)[0m  [1mSELECT "todos".* FROM "todos" [0m
  Rendered todos/index.html.erb within layouts/application (0.1ms)
Completed 200 OK in 2.2ms (Views: 1.3ms | ActiveRecord: 0.1ms)


Started GET "/todos/index" for 127.0.0.1 at 2015-08-05 13:15:10 +0530
Processing by TodosController#index as HTML
  [1m[35mTodo Load (0.1ms)[0m  SELECT "todos".* FROM "todos" 
  Rendered todos/index.html.erb within layouts/application (0.9ms)
Completed 200 OK in 3.0ms (Views: 2.1ms | ActiveRecord: 0.1ms)


Started GET "/todos/index" for 127.0.0.1 at 2015-08-05 13:16:20 +0530
Processing by TodosController#index as HTML
  [1m[36mTodo Load (0.1ms)[0m  [1mSELECT "todos".* FROM "todos" [0m
  Rendered todos/index.html.erb within layouts/application (0.4ms)
Completed 200 OK in 8.3ms (Views: 2.0ms | ActiveRecord: 0.5ms)


Started GET "/todos/index" for 127.0.0.1 at 2015-08-05 13:16:21 +0530
Processing by TodosController#index as HTML
  [1m[35mTodo Load (0.2ms)[0m  SELECT "todos".* FROM "todos" 
  Rendered todos/index.html.erb within layouts/application (0.4ms)
Completed 200 OK in 3.1ms (Views: 1.6ms | ActiveRecord: 0.2ms)


Started POST "/todos/add" for 127.0.0.1 at 2015-08-05 13:16:23 +0530
Processing by TodosController#add as HTML
  Parameters: {"utf8"=>"✓", "authenticity_token"=>"+1RnWx5hDK05tARDNeJd4dKCiokV7ExhX3LpFJjUfgI=", "todo_text"=>"fads", "commit"=>"Add todo"}
  [1m[36m (0.1ms)[0m  [1mbegin transaction[0m
  [1m[35mSQL (296.0ms)[0m  INSERT INTO "todos" ("created_at", "todo_item", "updated_at") VALUES (?, ?, ?)  [["created_at", Wed, 05 Aug 2015 07:46:23 UTC +00:00], ["todo_item", "fads"], ["updated_at", Wed, 05 Aug 2015 07:46:23 UTC +00:00]]
  [1m[36m (126.2ms)[0m  [1mcommit transaction[0m
Redirected to http://localhost:3000/todos/index
Completed 302 Found in 426.6ms (ActiveRecord: 422.3ms)


Started GET "/todos/index" for 127.0.0.1 at 2015-08-05 13:16:24 +0530
Processing by TodosController#index as HTML
  [1m[35mTodo Load (0.2ms)[0m  SELECT "todos".* FROM "todos" 
  Rendered todos/index.html.erb within layouts/application (0.4ms)
Completed 200 OK in 2.8ms (Views: 1.7ms | ActiveRecord: 0.2ms)


Started POST "/todos/add" for 127.0.0.1 at 2015-08-05 13:16:27 +0530
Processing by TodosController#add as HTML
  Parameters: {"utf8"=>"✓", "authenticity_token"=>"+1RnWx5hDK05tARDNeJd4dKCiokV7ExhX3LpFJjUfgI=", "todo_text"=>"sadfasdf", "commit"=>"Add todo"}
  [1m[36m (0.0ms)[0m  [1mbegin transaction[0m
  [1m[35mSQL (0.2ms)[0m  INSERT INTO "todos" ("created_at", "todo_item", "updated_at") VALUES (?, ?, ?)  [["created_at", Wed, 05 Aug 2015 07:46:27 UTC +00:00], ["todo_item", "sadfasdf"], ["updated_at", Wed, 05 Aug 2015 07:46:27 UTC +00:00]]
  [1m[36m (270.0ms)[0m  [1mcommit transaction[0m
Redirected to http://localhost:3000/todos/index
Completed 302 Found in 272.0ms (ActiveRecord: 270.2ms)


Started GET "/todos/index" for 127.0.0.1 at 2015-08-05 13:16:27 +0530
Processing by TodosController#index as HTML
  [1m[35mTodo Load (0.1ms)[0m  SELECT "todos".* FROM "todos" 
  Rendered todos/index.html.erb within layouts/application (0.3ms)
Completed 200 OK in 2.3ms (Views: 1.5ms | ActiveRecord: 0.1ms)


Started GET "/todos/index" for 127.0.0.1 at 2015-08-05 13:18:01 +0530
Processing by TodosController#index as HTML
  [1m[36mTodo Load (0.1ms)[0m  [1mSELECT "todos".* FROM "todos" [0m
  Rendered todos/index.html.erb within layouts/application (0.4ms)
Completed 200 OK in 8.1ms (Views: 2.3ms | ActiveRecord: 0.5ms)


Started POST "/todos/add" for 127.0.0.1 at 2015-08-05 13:18:04 +0530
Processing by TodosController#add as HTML
  Parameters: {"utf8"=>"✓", "authenticity_token"=>"+1RnWx5hDK05tARDNeJd4dKCiokV7ExhX3LpFJjUfgI=", "todo_text"=>"fa", "commit"=>"Add todo"}
  [1m[35m (0.1ms)[0m  begin transaction
  [1m[36mSQL (0.3ms)[0m  [1mINSERT INTO "todos" ("created_at", "todo_item", "updated_at") VALUES (?, ?, ?)[0m  [["created_at", Wed, 05 Aug 2015 07:48:04 UTC +00:00], ["todo_item", "fa"], ["updated_at", Wed, 05 Aug 2015 07:48:04 UTC +00:00]]
  [1m[35m (247.0ms)[0m  commit transaction
Redirected to http://localhost:3000/todos/index
Completed 302 Found in 250.6ms (ActiveRecord: 247.4ms)


Started GET "/todos/index" for 127.0.0.1 at 2015-08-05 13:18:04 +0530
Processing by TodosController#index as HTML
  [1m[36mTodo Load (0.2ms)[0m  [1mSELECT "todos".* FROM "todos" [0m
  Rendered todos/index.html.erb within layouts/application (0.4ms)
Completed 200 OK in 2.6ms (Views: 1.5ms | ActiveRecord: 0.2ms)


Started POST "/todos/add" for 127.0.0.1 at 2015-08-05 13:18:05 +0530
Processing by TodosController#add as HTML
  Parameters: {"utf8"=>"✓", "authenticity_token"=>"+1RnWx5hDK05tARDNeJd4dKCiokV7ExhX3LpFJjUfgI=", "todo_text"=>"", "commit"=>"Add todo"}
  [1m[35m (0.1ms)[0m  begin transaction
  [1m[36m (0.1ms)[0m  [1mrollback transaction[0m
Redirected to http://localhost:3000/todos/index
Completed 302 Found in 80.9ms (ActiveRecord: 0.1ms)


Started GET "/todos/index" for 127.0.0.1 at 2015-08-05 13:18:05 +0530
Processing by TodosController#index as HTML
  [1m[35mTodo Load (0.1ms)[0m  SELECT "todos".* FROM "todos" 
  Rendered todos/index.html.erb within layouts/application (0.4ms)
Completed 200 OK in 2.5ms (Views: 1.5ms | ActiveRecord: 0.1ms)


Started POST "/todos/add" for 127.0.0.1 at 2015-08-05 13:18:07 +0530
Processing by TodosController#add as HTML
  Parameters: {"utf8"=>"✓", "authenticity_token"=>"+1RnWx5hDK05tARDNeJd4dKCiokV7ExhX3LpFJjUfgI=", "todo_text"=>"", "commit"=>"Add todo"}
  [1m[36m (0.1ms)[0m  [1mbegin transaction[0m
  [1m[35m (0.1ms)[0m  rollback transaction
Redirected to http://localhost:3000/todos/index
Completed 302 Found in 2.4ms (ActiveRecord: 0.2ms)


Started GET "/todos/index" for 127.0.0.1 at 2015-08-05 13:18:07 +0530
Processing by TodosController#index as HTML
  [1m[36mTodo Load (0.1ms)[0m  [1mSELECT "todos".* FROM "todos" [0m
  Rendered todos/index.html.erb within layouts/application (0.3ms)
Completed 200 OK in 1.8ms (Views: 1.1ms | ActiveRecord: 0.1ms)
Connecting to database specified by database.yml
Connecting to database specified by database.yml
  [1m[36m (0.9ms)[0m  [1mSELECT "schema_migrations"."version" FROM "schema_migrations" [0m
Migrating to CreateTodos (20150805070157)
Migrating to AddCompletedToTodo (20150805075205)
  [1m[35m (0.0ms)[0m  select sqlite_version(*)
  [1m[36m (0.0ms)[0m  [1mbegin transaction[0m
  [1m[35m (19.2ms)[0m  ALTER TABLE "todos" ADD "completed" boolean
  [1m[36m (0.1ms)[0m  [1mINSERT INTO "schema_migrations" ("version") VALUES ('20150805075205')[0m
  [1m[35m (126.9ms)[0m  commit transaction
  [1m[36m (0.1ms)[0m  [1mSELECT "schema_migrations"."version" FROM "schema_migrations" [0m


Started GET "/todos/index" for 127.0.0.1 at 2015-08-05 13:26:31 +0530
Connecting to database specified by database.yml
Processing by TodosController#index as HTML
  [1m[36mTodo Load (0.1ms)[0m  [1mSELECT "todos".* FROM "todos" [0m
  Rendered todos/index.html.erb within layouts/application (2.9ms)
Completed 200 OK in 67.4ms (Views: 28.9ms | ActiveRecord: 1.6ms)


Started POST "/todos/complete/" for 127.0.0.1 at 2015-08-05 13:26:39 +0530
Processing by TodosController#complete as HTML
  Parameters: {"utf8"=>"✓", "authenticity_token"=>"+1RnWx5hDK05tARDNeJd4dKCiokV7ExhX3LpFJjUfgI=", "todos_checkbox"=>["1", "2"], "commit"=>"Complete Todos"}
  [1m[35mTodo Load (0.2ms)[0m  SELECT "todos".* FROM "todos" WHERE "todos"."id" = 1 LIMIT 1
  [1m[36m (0.1ms)[0m  [1mbegin transaction[0m
  [1m[35m (1.0ms)[0m  UPDATE "todos" SET "completed" = 't', "updated_at" = '2015-08-05 07:56:39.709950' WHERE "todos"."id" = 1
  [1m[36m (166.4ms)[0m  [1mcommit transaction[0m
  [1m[35mTodo Load (0.1ms)[0m  SELECT "todos".* FROM "todos" WHERE "todos"."id" = 2 LIMIT 1
  [1m[36m (0.0ms)[0m  [1mbegin transaction[0m
  [1m[35m (0.1ms)[0m  UPDATE "todos" SET "completed" = 't', "updated_at" = '2015-08-05 07:56:39.883386' WHERE "todos"."id" = 2
  [1m[36m (156.1ms)[0m  [1mcommit transaction[0m
Redirected to http://localhost:3000/todos/index
Completed 302 Found in 398.4ms (ActiveRecord: 324.1ms)


Started GET "/todos/index" for 127.0.0.1 at 2015-08-05 13:26:40 +0530
Processing by TodosController#index as HTML
  [1m[35mTodo Load (0.1ms)[0m  SELECT "todos".* FROM "todos" 
  Rendered todos/index.html.erb within layouts/application (1.3ms)
Completed 200 OK in 3.7ms (Views: 2.8ms | ActiveRecord: 0.1ms)


Started POST "/todos/complete/" for 127.0.0.1 at 2015-08-05 13:26:44 +0530
Processing by TodosController#complete as HTML
  Parameters: {"utf8"=>"✓", "authenticity_token"=>"+1RnWx5hDK05tARDNeJd4dKCiokV7ExhX3LpFJjUfgI=", "todos_checkbox"=>["3"], "commit"=>"Complete Todos"}
  [1m[36mTodo Load (0.1ms)[0m  [1mSELECT "todos".* FROM "todos" WHERE "todos"."id" = 3 LIMIT 1[0m
  [1m[35m (0.0ms)[0m  begin transaction
  [1m[36m (0.1ms)[0m  [1mUPDATE "todos" SET "completed" = 't', "updated_at" = '2015-08-05 07:56:44.066943' WHERE "todos"."id" = 3[0m
  [1m[35m (110.5ms)[0m  commit transaction
Redirected to http://localhost:3000/todos/index
Completed 302 Found in 113.6ms (ActiveRecord: 110.8ms)


Started GET "/todos/index" for 127.0.0.1 at 2015-08-05 13:26:44 +0530
Processing by TodosController#index as HTML
  [1m[36mTodo Load (0.1ms)[0m  [1mSELECT "todos".* FROM "todos" [0m
  Rendered todos/index.html.erb within layouts/application (0.8ms)
Completed 200 OK in 2.3ms (Views: 1.6ms | ActiveRecord: 0.1ms)


Started GET "/todos/index" for 127.0.0.1 at 2015-08-05 13:27:18 +0530
Processing by TodosController#index as HTML
  [1m[35mTodo Load (0.3ms)[0m  SELECT "todos".* FROM "todos" 
  Rendered todos/index.html.erb within layouts/application (1.6ms)
Completed 200 OK in 4.8ms (Views: 3.0ms | ActiveRecord: 0.3ms)


Started GET "/todos/index" for 127.0.0.1 at 2015-08-05 13:27:27 +0530
Processing by TodosController#index as HTML
  [1m[36mTodo Load (0.2ms)[0m  [1mSELECT "todos".* FROM "todos" [0m
  Rendered todos/index.html.erb within layouts/application (2.3ms)
Completed 200 OK in 5.9ms (Views: 4.1ms | ActiveRecord: 0.2ms)


Started POST "/todos/complete/" for 127.0.0.1 at 2015-08-05 13:27:29 +0530
Processing by TodosController#complete as HTML
  Parameters: {"utf8"=>"✓", "authenticity_token"=>"+1RnWx5hDK05tARDNeJd4dKCiokV7ExhX3LpFJjUfgI=", "todos_checkbox"=>["4"], "commit"=>"Complete Todos"}
  [1m[35mTodo Load (0.2ms)[0m  SELECT "todos".* FROM "todos" WHERE "todos"."id" = 4 LIMIT 1
  [1m[36m (0.0ms)[0m  [1mbegin transaction[0m
  [1m[35m (0.3ms)[0m  UPDATE "todos" SET "completed" = 't', "updated_at" = '2015-08-05 07:57:29.495728' WHERE "todos"."id" = 4
  [1m[36m (124.9ms)[0m  [1mcommit transaction[0m
Redirected to http://localhost:3000/todos/index
Completed 302 Found in 128.8ms (ActiveRecord: 125.4ms)


Started GET "/todos/index" for 127.0.0.1 at 2015-08-05 13:27:29 +0530
Processing by TodosController#index as HTML
  [1m[35mTodo Load (0.1ms)[0m  SELECT "todos".* FROM "todos" 
  Rendered todos/index.html.erb within layouts/application (1.3ms)
Completed 200 OK in 3.5ms (Views: 2.7ms | ActiveRecord: 0.1ms)


Started POST "/todos/add" for 127.0.0.1 at 2015-08-05 13:32:50 +0530
Processing by TodosController#add as HTML
  Parameters: {"utf8"=>"✓", "authenticity_token"=>"+1RnWx5hDK05tARDNeJd4dKCiokV7ExhX3LpFJjUfgI=", "todo_text"=>"it me zakir", "commit"=>"Add todo"}
  [1m[36m (0.1ms)[0m  [1mbegin transaction[0m
  [1m[35mSQL (0.4ms)[0m  INSERT INTO "todos" ("completed", "created_at", "todo_item", "updated_at") VALUES (?, ?, ?, ?)  [["completed", nil], ["created_at", Wed, 05 Aug 2015 08:02:50 UTC +00:00], ["todo_item", "it me zakir"], ["updated_at", Wed, 05 Aug 2015 08:02:50 UTC +00:00]]
  [1m[36m (218.5ms)[0m  [1mcommit transaction[0m
Redirected to http://localhost:3000/todos/index
Completed 302 Found in 222.6ms (ActiveRecord: 219.0ms)


Started GET "/todos/index" for 127.0.0.1 at 2015-08-05 13:32:50 +0530
Processing by TodosController#index as HTML
  [1m[35mTodo Load (0.2ms)[0m  SELECT "todos".* FROM "todos" 
  Rendered todos/index.html.erb within layouts/application (0.8ms)
Completed 200 OK in 2.8ms (Views: 1.8ms | ActiveRecord: 0.2ms)


Started GET "/todos/index" for 127.0.0.1 at 2015-08-05 13:35:00 +0530
Connecting to database specified by database.yml
Processing by TodosController#index as HTML
  [1m[36mTodo Load (0.1ms)[0m  [1mSELECT "todos".* FROM "todos" [0m
  Rendered todos/index.html.erb within layouts/application (4.0ms)
Completed 200 OK in 66.1ms (Views: 28.8ms | ActiveRecord: 1.9ms)


Started GET "/todos/delete" for 127.0.0.1 at 2015-08-05 13:35:02 +0530
Processing by TodosController#delete as HTML
  Rendered todos/delete.html.erb within layouts/application (0.7ms)
Completed 200 OK in 3.9ms (Views: 3.2ms | ActiveRecord: 0.0ms)


Started GET "/todos/index" for 127.0.0.1 at 2015-08-05 13:35:04 +0530
Processing by TodosController#index as HTML
  [1m[35mTodo Load (0.2ms)[0m  SELECT "todos".* FROM "todos" 
  Rendered todos/index.html.erb within layouts/application (1.9ms)
Completed 200 OK in 5.5ms (Views: 4.0ms | ActiveRecord: 0.2ms)


Started GET "/todos/delete" for 127.0.0.1 at 2015-08-05 13:35:07 +0530
Processing by TodosController#delete as HTML
  Rendered todos/delete.html.erb within layouts/application (0.0ms)
Completed 200 OK in 1.2ms (Views: 1.1ms | ActiveRecord: 0.0ms)


Started GET "/todos/index" for 127.0.0.1 at 2015-08-05 13:35:08 +0530
Processing by TodosController#index as HTML
  [1m[36mTodo Load (0.1ms)[0m  [1mSELECT "todos".* FROM "todos" [0m
  Rendered todos/index.html.erb within layouts/application (1.1ms)
Completed 200 OK in 3.1ms (Views: 2.2ms | ActiveRecord: 0.1ms)


Started GET "/todos/index" for 127.0.0.1 at 2015-08-05 13:36:28 +0530
Processing by TodosController#index as HTML
  [1m[35mTodo Load (0.1ms)[0m  SELECT "todos".* FROM "todos" 
  Rendered todos/index.html.erb within layouts/application (1.2ms)
Completed 200 OK in 10.2ms (Views: 3.0ms | ActiveRecord: 0.5ms)


Started GET "/todos/delete" for 127.0.0.1 at 2015-08-05 13:36:32 +0530
Processing by TodosController#delete as HTML
  Rendered todos/delete.html.erb within layouts/application (0.0ms)
Completed 200 OK in 2.1ms (Views: 1.6ms | ActiveRecord: 0.0ms)
Connecting to database specified by database.yml


Started GET "/todos/index" for 127.0.0.1 at 2015-08-05 13:39:10 +0530
Processing by TodosController#index as HTML
  [1m[36mTodo Load (0.1ms)[0m  [1mSELECT "todos".* FROM "todos" [0m
  Rendered todos/index.html.erb within layouts/application (1.8ms)
Completed 200 OK in 9.5ms (Views: 3.7ms | ActiveRecord: 0.5ms)


Started GET "/todos/delete" for 127.0.0.1 at 2015-08-05 13:39:12 +0530
Processing by TodosController#delete as HTML
  [1m[35mTodo Load (0.2ms)[0m  SELECT "todos".* FROM "todos" ORDER BY "todos"."id" DESC LIMIT 1
  [1m[36mSQL (111.5ms)[0m  [1mDELETE FROM "todos" WHERE "todos"."id" = 6[0m
  Rendered todos/delete.html.erb within layouts/application (0.0ms)
Completed 200 OK in 121.1ms (Views: 1.4ms | ActiveRecord: 111.7ms)


Started GET "/todos/index" for 127.0.0.1 at 2015-08-05 13:39:14 +0530
Processing by TodosController#index as HTML
  [1m[35mTodo Load (0.5ms)[0m  SELECT "todos".* FROM "todos" 
  Rendered todos/index.html.erb within layouts/application (1.1ms)
Completed 200 OK in 4.1ms (Views: 2.3ms | ActiveRecord: 0.5ms)


Started GET "/todos/delete" for 127.0.0.1 at 2015-08-05 13:39:15 +0530
Processing by TodosController#delete as HTML
  [1m[36mTodo Load (0.3ms)[0m  [1mSELECT "todos".* FROM "todos" ORDER BY "todos"."id" DESC LIMIT 1[0m
  [1m[35mSQL (107.0ms)[0m  DELETE FROM "todos" WHERE "todos"."id" = 5
  Rendered todos/delete.html.erb within layouts/application (0.1ms)
Completed 200 OK in 112.5ms (Views: 2.8ms | ActiveRecord: 107.3ms)


Started GET "/todos/index" for 127.0.0.1 at 2015-08-05 13:39:17 +0530
Processing by TodosController#index as HTML
  [1m[36mTodo Load (0.1ms)[0m  [1mSELECT "todos".* FROM "todos" [0m
  Rendered todos/index.html.erb within layouts/application (1.4ms)
Completed 200 OK in 3.5ms (Views: 2.7ms | ActiveRecord: 0.1ms)


Started GET "/todos/index" for 127.0.0.1 at 2015-08-05 13:39:57 +0530
Processing by TodosController#index as HTML
  [1m[35mTodo Load (0.1ms)[0m  SELECT "todos".* FROM "todos" 
  Rendered todos/index.html.erb within layouts/application (1.2ms)
Completed 200 OK in 3.3ms (Views: 2.6ms | ActiveRecord: 0.1ms)


Started GET "/todos/index" for 127.0.0.1 at 2015-08-05 13:42:54 +0530
Connecting to database specified by database.yml
Processing by TodosController#index as HTML
  [1m[36mTodo Load (0.1ms)[0m  [1mSELECT "todos".* FROM "todos" [0m
  Rendered todos/index.html.erb within layouts/application (3.4ms)
Completed 500 Internal Server Error in 285.0ms

ActionView::Template::Error (undefined method `[]' for nil:NilClass):
    2: <html>
    3: <head>
    4:   <title>TodoApp</title>
    5:    <%= stylesheet_link_tag 'application' %>
    6:     <%= javascript_include_tag 'application' %> 
    7:     <%= csrf_meta_tags %>
    8: </head>
  app/views/layouts/application.html.erb:5:in `_app_views_layouts_application_html_erb___338982375029725167_70183961388460'


  Rendered /usr/lib/ruby/vendor_ruby/action_dispatch/middleware/templates/rescues/_trace.erb (1.0ms)
  Rendered /usr/lib/ruby/vendor_ruby/action_dispatch/middleware/templates/rescues/_request_and_response.erb (0.8ms)
  Rendered /usr/lib/ruby/vendor_ruby/action_dispatch/middleware/templates/rescues/template_error.erb within rescues/layout (5.6ms)


Started GET "/todos/index" for 127.0.0.1 at 2015-08-05 13:44:48 +0530
Processing by TodosController#index as HTML
  [1m[35mTodo Load (0.2ms)[0m  SELECT "todos".* FROM "todos" 
  Rendered todos/index.html.erb within layouts/application (1.0ms)
Sprockets Cache miss "file_digest:/home/zakir/Temp/todo_app/app/assets/stylesheets/application.css:1438762483"  (1ms)
Sprockets Cache miss "file_digest:/home/zakir/Temp/todo_app/app/assets/javascripts/application.js:1438758052"  (1ms)
Sprockets Cache miss "file_digest:/home/zakir/Temp/todo_app/app/assets/images:1438758052"  (2ms)
Sprockets Cache miss "file_digest:/home/zakir/Temp/todo_app/app/assets/javascripts:1438758108"  (2ms)
Sprockets Cache miss "file_digest:/home/zakir/Temp/todo_app/vendor/assets/javascripts:1438758052"  (1ms)
Sprockets Cache miss "file_digest:/home/zakir/Temp/todo_app/vendor/assets/stylesheets:1438758052"  (1ms)
Sprockets Cache miss "file_digest:/var/lib/gems/1.9.1/gems/jquery-rails-3.1.3/vendor/assets/javascripts:1438757040"  (1ms)
Sprockets Cache miss "file_digest:/var/lib/gems/1.9.1/gems/jquery-rails-3.1.3/vendor/assets/javascripts/jquery.js:14387570"  (45ms)
Sprockets Cache miss "file_digest:/var/lib/gems/1.9.1/gems/jquery-rails-3.1.3/vendor/assets/javascripts/jquery_ujs.js:1438"  (5ms)
Sprockets Cache miss "file_digest:/home/zakir/Temp/todo_app/app/assets/javascripts/todos.js.coffee:1438758108"  (1ms)
Sprockets Cache miss "Sprockets::CoffeeScriptProcessor:1.9.1:1":"# Place all the behaviors and hooks related to the match  (34ms)
Completed 200 OK in 236.5ms (Views: 235.3ms | ActiveRecord: 0.2ms)


Started GET "/assets/application.self.css?body=1" for 127.0.0.1 at 2015-08-05 13:44:49 +0530
Served asset /application.self.css - 200 OK (1ms)


Started GET "/assets/jquery_ujs.self.js?body=1" for 127.0.0.1 at 2015-08-05 13:44:49 +0530
Served asset /jquery_ujs.self.js - 200 OK (1ms)


Started GET "/assets/jquery.self.js?body=1" for 127.0.0.1 at 2015-08-05 13:44:49 +0530
Served asset /jquery.self.js - 200 OK (1ms)


Started GET "/assets/todos.self.js?body=1" for 127.0.0.1 at 2015-08-05 13:44:49 +0530
Served asset /todos.self.js - 200 OK (1ms)


Started GET "/assets/application.self.js?body=1" for 127.0.0.1 at 2015-08-05 13:44:49 +0530
Served asset /application.self.js - 200 OK (1ms)


Started GET "/todos/index" for 127.0.0.1 at 2015-08-05 13:45:11 +0530
Processing by TodosController#index as HTML
  [1m[36mTodo Load (0.2ms)[0m  [1mSELECT "todos".* FROM "todos" [0m
  Rendered todos/index.html.erb within layouts/application (1.7ms)
Sprockets Cache miss "file_digest:/home/zakir/Temp/todo_app/app/assets/stylesheets/application.css:1438762510"  (2ms)
Completed 500 Internal Server Error in 16.5ms

ActionView::Template::Error (undefined method `[]' for nil:NilClass):
    2: <html>
    3: <head>
    4:   <title>TodoApp</title>
    5:    <%= stylesheet_link_tag 'application' %>
    6:     <%= javascript_include_tag 'application' %> 
    7:     <%= csrf_meta_tags %>
    8: </head>
  app/views/layouts/application.html.erb:5:in `_app_views_layouts_application_html_erb___338982375029725167_70183961388460'


  Rendered /usr/lib/ruby/vendor_ruby/action_dispatch/middleware/templates/rescues/_trace.erb (32.5ms)
  Rendered /usr/lib/ruby/vendor_ruby/action_dispatch/middleware/templates/rescues/_request_and_response.erb (0.8ms)
  Rendered /usr/lib/ruby/vendor_ruby/action_dispatch/middleware/templates/rescues/template_error.erb within rescues/layout (37.1ms)


Started GET "/todos/index" for 127.0.0.1 at 2015-08-05 13:46:51 +0530
Connecting to database specified by database.yml
Processing by TodosController#index as HTML
  [1m[36mTodo Load (0.1ms)[0m  [1mSELECT "todos".* FROM "todos" [0m
  Rendered todos/index.html.erb within layouts/application (21.9ms)
Sprockets Cache miss "file_digest:/home/zakir/Temp/todo_app/app/assets/stylesheets/application.css:1438762517"  (1ms)
Completed 500 Internal Server Error in 281.3ms

ActionView::Template::Error (undefined method `[]' for nil:NilClass):
    2: <html>
    3: <head>
    4:   <title>TodoApp</title>
    5:    <%= stylesheet_link_tag 'application' %>
    6:     <%= javascript_include_tag 'application' %> 
    7:     <%= csrf_meta_tags %>
    8: </head>
  app/views/layouts/application.html.erb:5:in `_app_views_layouts_application_html_erb___3695467254685380047_70288351321960'


  Rendered /usr/lib/ruby/vendor_ruby/action_dispatch/middleware/templates/rescues/_trace.erb (1.6ms)
  Rendered /usr/lib/ruby/vendor_ruby/action_dispatch/middleware/templates/rescues/_request_and_response.erb (1.1ms)
  Rendered /usr/lib/ruby/vendor_ruby/action_dispatch/middleware/templates/rescues/template_error.erb within rescues/layout (7.0ms)


Started GET "/todos/index" for 127.0.0.1 at 2015-08-05 13:49:06 +0530
Connecting to database specified by database.yml
Processing by TodosController#index as HTML
  [1m[36mTodo Load (0.1ms)[0m  [1mSELECT "todos".* FROM "todos" [0m
  Rendered todos/index.html.erb within layouts/application (4.2ms)
Completed 500 Internal Server Error in 273.6ms

ActionView::Template::Error (undefined method `[]' for nil:NilClass):
    2: <html>
    3: <head>
    4:   <title>TodoApp</title>
    5:    <%= stylesheet_link_tag 'application' %>
    6:     <%= javascript_include_tag 'application' %> 
    7:     <%= csrf_meta_tags %>
    8: </head>
  app/views/layouts/application.html.erb:5:in `_app_views_layouts_application_html_erb__2914465680144907390_21772480'


  Rendered /usr/lib/ruby/vendor_ruby/action_dispatch/middleware/templates/rescues/_trace.erb (1.4ms)
  Rendered /usr/lib/ruby/vendor_ruby/action_dispatch/middleware/templates/rescues/_request_and_response.erb (1.0ms)
  Rendered /usr/lib/ruby/vendor_ruby/action_dispatch/middleware/templates/rescues/template_error.erb within rescues/layout (6.9ms)


Started GET "/todos/index" for 127.0.0.1 at 2015-08-05 13:49:27 +0530
Connecting to database specified by database.yml
Processing by TodosController#index as HTML
  [1m[36mTodo Load (0.1ms)[0m  [1mSELECT "todos".* FROM "todos" [0m
  Rendered todos/index.html.erb within layouts/application (3.9ms)
Completed 500 Internal Server Error in 271.9ms

ActionView::Template::Error (undefined method `[]' for nil:NilClass):
    2: <html>
    3: <head>
    4:   <title>TodoApp</title>
    5:    <%= stylesheet_link_tag 'application' %>
    6:     <%= javascript_include_tag 'application' %> 
    7:     <%= csrf_meta_tags %>
    8: </head>
  app/views/layouts/application.html.erb:5:in `_app_views_layouts_application_html_erb___448113888199416484_16502460'


  Rendered /usr/lib/ruby/vendor_ruby/action_dispatch/middleware/templates/rescues/_trace.erb (1.4ms)
  Rendered /usr/lib/ruby/vendor_ruby/action_dispatch/middleware/templates/rescues/_request_and_response.erb (0.9ms)
  Rendered /usr/lib/ruby/vendor_ruby/action_dispatch/middleware/templates/rescues/template_error.erb within rescues/layout (7.0ms)


Started GET "/todos/index" for 127.0.0.1 at 2015-08-05 13:51:42 +0530
Processing by TodosController#index as HTML
  [1m[35mTodo Load (0.2ms)[0m  SELECT "todos".* FROM "todos" 
  Rendered todos/index.html.erb within layouts/application (1.3ms)
Completed 200 OK in 63.8ms (Views: 62.7ms | ActiveRecord: 0.2ms)


Started GET "/assets/bootstrap.self.css?body=1" for 127.0.0.1 at 2015-08-05 13:51:43 +0530
Served asset /bootstrap.self.css - 200 OK (1ms)


Started GET "/assets/jquery.self.js?body=1" for 127.0.0.1 at 2015-08-05 13:51:43 +0530
Served asset /jquery.self.js - 200 OK (5ms)


Started GET "/assets/jquery_ujs.self.js?body=1" for 127.0.0.1 at 2015-08-05 13:51:43 +0530
Served asset /jquery_ujs.self.js - 200 OK (1ms)


Started GET "/assets/todos.self.js?body=1" for 127.0.0.1 at 2015-08-05 13:51:43 +0530
Served asset /todos.self.js - 200 OK (1ms)


Started GET "/assets/application.self.js?body=1" for 127.0.0.1 at 2015-08-05 13:51:43 +0530
Served asset /application.self.js - 200 OK (1ms)


Started GET "/assets/bootstrap.self.css?body=1" for 127.0.0.1 at 2015-08-05 13:52:58 +0530
Served asset /bootstrap.self.css - 304 Not Modified (1ms)


Started GET "/todos/index" for 127.0.0.1 at 2015-08-05 13:53:58 +0530
Processing by TodosController#index as HTML
  [1m[36mTodo Load (0.2ms)[0m  [1mSELECT "todos".* FROM "todos" [0m
  Rendered todos/index.html.erb within layouts/application (1.2ms)
Completed 200 OK in 25.7ms (Views: 23.9ms | ActiveRecord: 0.2ms)


Started GET "/assets/bootstrap.self.css?body=1" for 127.0.0.1 at 2015-08-05 13:53:58 +0530
Served asset /bootstrap.self.css - 200 OK (3ms)


Started GET "/assets/todo.css" for 127.0.0.1 at 2015-08-05 13:53:58 +0530
Served asset /todo.css - 404 Not Found (1ms)

ActionController::RoutingError (No route matches [GET] "/assets/todo.css"):
  /usr/lib/ruby/vendor_ruby/action_dispatch/middleware/debug_exceptions.rb:21:in `call'
  /usr/lib/ruby/vendor_ruby/action_dispatch/middleware/show_exceptions.rb:56:in `call'
  /usr/lib/ruby/vendor_ruby/rails/rack/logger.rb:32:in `call_app'
  /usr/lib/ruby/vendor_ruby/rails/rack/logger.rb:16:in `block in call'
  /usr/lib/ruby/vendor_ruby/active_support/tagged_logging.rb:22:in `tagged'
  /usr/lib/ruby/vendor_ruby/rails/rack/logger.rb:16:in `call'
  /usr/lib/ruby/vendor_ruby/action_dispatch/middleware/request_id.rb:22:in `call'
  rack (1.6.4) lib/rack/methodoverride.rb:22:in `call'
  rack (1.6.4) lib/rack/runtime.rb:18:in `call'
  /usr/lib/ruby/vendor_ruby/active_support/cache/strategy/local_cache.rb:72:in `call'
  rack (1.6.4) lib/rack/lock.rb:17:in `call'
  /usr/lib/ruby/vendor_ruby/action_dispatch/middleware/static.rb:63:in `call'
  /usr/lib/ruby/vendor_ruby/rails/engine.rb:484:in `call'
  /usr/lib/ruby/vendor_ruby/rails/application.rb:231:in `call'
  rack (1.6.4) lib/rack/content_length.rb:15:in `call'
  /usr/lib/ruby/vendor_ruby/rails/rack/log_tailer.rb:17:in `call'
  rack (1.6.4) lib/rack/handler/webrick.rb:88:in `service'
  /usr/lib/ruby/1.9.1/webrick/httpserver.rb:138:in `service'
  /usr/lib/ruby/1.9.1/webrick/httpserver.rb:94:in `run'
  /usr/lib/ruby/1.9.1/webrick/server.rb:191:in `block in start_thread'


  Rendered /usr/lib/ruby/vendor_ruby/action_dispatch/middleware/templates/rescues/routing_error.erb within rescues/layout (0.7ms)


Started GET "/assets/jquery_ujs.self.js?body=1" for 127.0.0.1 at 2015-08-05 13:53:58 +0530
Served asset /jquery_ujs.self.js - 200 OK (2ms)


Started GET "/assets/jquery.self.js?body=1" for 127.0.0.1 at 2015-08-05 13:53:58 +0530
Served asset /jquery.self.js - 200 OK (1ms)


Started GET "/assets/todos.self.js?body=1" for 127.0.0.1 at 2015-08-05 13:53:58 +0530
Served asset /todos.self.js - 200 OK (1ms)


Started GET "/assets/application.self.js?body=1" for 127.0.0.1 at 2015-08-05 13:53:58 +0530
Served asset /application.self.js - 200 OK (3ms)


Started GET "/todos/index" for 127.0.0.1 at 2015-08-05 13:54:28 +0530
Processing by TodosController#index as HTML
  [1m[35mTodo Load (0.1ms)[0m  SELECT "todos".* FROM "todos" 
  Rendered todos/index.html.erb within layouts/application (1.1ms)
Sprockets Cache miss "file_digest:/home/zakir/Temp/todo_app/app/assets/stylesheets/todos.scss:1438758108"  (2ms)
Completed 500 Internal Server Error in 10.9ms

ActionView::Template::Error (undefined method `[]' for nil:NilClass):
    3: <head>
    4:   <title>TodoApp</title>
    5:    <%= stylesheet_link_tag 'bootstrap' %>
    6:    <%= stylesheet_link_tag 'todos' %>
    7:     <%= javascript_include_tag 'application' %> 
    8:     <%= csrf_meta_tags %>
    9: </head>
  app/views/layouts/application.html.erb:6:in `_app_views_layouts_application_html_erb___448113888199416484_70015331095940'


  Rendered /usr/lib/ruby/vendor_ruby/action_dispatch/middleware/templates/rescues/_trace.erb (1.0ms)
  Rendered /usr/lib/ruby/vendor_ruby/action_dispatch/middleware/templates/rescues/_request_and_response.erb (0.9ms)
  Rendered /usr/lib/ruby/vendor_ruby/action_dispatch/middleware/templates/rescues/template_error.erb within rescues/layout (5.8ms)


Started GET "/todos/index" for 127.0.0.1 at 2015-08-05 13:54:42 +0530
Processing by TodosController#index as HTML
  [1m[36mTodo Load (0.2ms)[0m  [1mSELECT "todos".* FROM "todos" [0m
  Rendered todos/index.html.erb within layouts/application (1.3ms)
Completed 500 Internal Server Error in 7.4ms

ActionView::Template::Error (undefined method `[]' for nil:NilClass):
    3: <head>
    4:   <title>TodoApp</title>
    5:    <%= stylesheet_link_tag 'bootstrap' %>
    6:    <%= stylesheet_link_tag 'todos' %>
    7:     <%= javascript_include_tag 'application' %> 
    8:     <%= csrf_meta_tags %>
    9: </head>
  app/views/layouts/application.html.erb:6:in `_app_views_layouts_application_html_erb___448113888199416484_70015215476600'


  Rendered /usr/lib/ruby/vendor_ruby/action_dispatch/middleware/templates/rescues/_trace.erb (1.0ms)
  Rendered /usr/lib/ruby/vendor_ruby/action_dispatch/middleware/templates/rescues/_request_and_response.erb (0.8ms)
  Rendered /usr/lib/ruby/vendor_ruby/action_dispatch/middleware/templates/rescues/template_error.erb within rescues/layout (5.9ms)


Started GET "/todos/index" for 127.0.0.1 at 2015-08-05 13:55:03 +0530
Processing by TodosController#index as HTML
  [1m[35mTodo Load (0.2ms)[0m  SELECT "todos".* FROM "todos" 
  Rendered todos/index.html.erb within layouts/application (1.2ms)
Sprockets Cache miss "file_digest:/home/zakir/Temp/todo_app/app/assets/stylesheets:1438763057"  (2ms)
Completed 200 OK in 65.9ms (Views: 64.3ms | ActiveRecord: 0.2ms)


Started GET "/assets/bootstrap.self.css?body=1" for 127.0.0.1 at 2015-08-05 13:55:03 +0530
Served asset /bootstrap.self.css - 200 OK (1ms)


Started GET "/assets/jquery.self.js?body=1" for 127.0.0.1 at 2015-08-05 13:55:03 +0530
Served asset /jquery.self.js - 200 OK (1ms)


Started GET "/assets/jquery_ujs.self.js?body=1" for 127.0.0.1 at 2015-08-05 13:55:03 +0530
Served asset /jquery_ujs.self.js - 200 OK (1ms)


Started GET "/assets/application.self.js?body=1" for 127.0.0.1 at 2015-08-05 13:55:03 +0530
Served asset /application.self.js - 200 OK (2ms)


Started GET "/assets/todos.self.js?body=1" for 127.0.0.1 at 2015-08-05 13:55:03 +0530
Served asset /todos.self.js - 200 OK (1ms)


Started GET "/todos/index" for 127.0.0.1 at 2015-08-05 13:55:09 +0530
Processing by TodosController#index as HTML
  [1m[36mTodo Load (0.2ms)[0m  [1mSELECT "todos".* FROM "todos" [0m
  Rendered todos/index.html.erb within layouts/application (1.0ms)
Completed 500 Internal Server Error in 6.7ms

ActionView::Template::Error (undefined method `[]' for nil:NilClass):
    3: <head>
    4:   <title>TodoApp</title>
    5:    <%= stylesheet_link_tag 'bootstrap' %>
    6:     <%= stylesheet_link_tag 'todos' %>
    7:     <%= javascript_include_tag 'application' %> 
    8:     <%= csrf_meta_tags %>
    9: </head>
  app/views/layouts/application.html.erb:6:in `_app_views_layouts_application_html_erb___448113888199416484_70015331684500'


  Rendered /usr/lib/ruby/vendor_ruby/action_dispatch/middleware/templates/rescues/_trace.erb (1.0ms)
  Rendered /usr/lib/ruby/vendor_ruby/action_dispatch/middleware/templates/rescues/_request_and_response.erb (0.8ms)
  Rendered /usr/lib/ruby/vendor_ruby/action_dispatch/middleware/templates/rescues/template_error.erb within rescues/layout (5.6ms)


Started GET "/todos/index" for 127.0.0.1 at 2015-08-05 13:55:26 +0530
Processing by TodosController#index as HTML
  [1m[35mTodo Load (0.2ms)[0m  SELECT "todos".* FROM "todos" 
  Rendered todos/index.html.erb within layouts/application (1.7ms)
Sprockets Cache miss "file_digest:/home/zakir/Temp/todo_app/app/assets/stylesheets/todos.css:1438763119"  (1ms)
Sprockets Cache miss "file_digest:/home/zakir/Temp/todo_app/app/assets/stylesheets:1438763123"  (1ms)
Completed 200 OK in 71.4ms (Views: 70.0ms | ActiveRecord: 0.2ms)


Started GET "/assets/bootstrap.self.css?body=1" for 127.0.0.1 at 2015-08-05 13:55:26 +0530
Served asset /bootstrap.self.css - 200 OK (1ms)


Started GET "/assets/jquery.self.js?body=1" for 127.0.0.1 at 2015-08-05 13:55:26 +0530
Served asset /jquery.self.js - 200 OK (2ms)


Started GET "/assets/jquery_ujs.self.js?body=1" for 127.0.0.1 at 2015-08-05 13:55:26 +0530
Served asset /jquery_ujs.self.js - 200 OK (1ms)


Started GET "/assets/todos.self.css?body=1" for 127.0.0.1 at 2015-08-05 13:55:26 +0530
Served asset /todos.self.css - 200 OK (1ms)


Started GET "/assets/todos.self.js?body=1" for 127.0.0.1 at 2015-08-05 13:55:26 +0530
Served asset /todos.self.js - 200 OK (1ms)


Started GET "/assets/application.self.js?body=1" for 127.0.0.1 at 2015-08-05 13:55:26 +0530
Served asset /application.self.js - 200 OK (2ms)


Started GET "/todos/index" for 127.0.0.1 at 2015-08-05 13:55:56 +0530
Processing by TodosController#index as HTML
  [1m[36mTodo Load (0.2ms)[0m  [1mSELECT "todos".* FROM "todos" [0m
  Rendered todos/index.html.erb within layouts/application (1.9ms)
Completed 200 OK in 10.4ms (Views: 9.3ms | ActiveRecord: 0.2ms)


Started GET "/assets/bootstrap.self.css?body=1" for 127.0.0.1 at 2015-08-05 13:55:56 +0530
Served asset /bootstrap.self.css - 200 OK (1ms)


Started GET "/assets/todos.self.css?body=1" for 127.0.0.1 at 2015-08-05 13:55:56 +0530
Served asset /todos.self.css - 200 OK (8ms)


Started GET "/assets/jquery.self.js?body=1" for 127.0.0.1 at 2015-08-05 13:55:56 +0530
Served asset /jquery.self.js - 200 OK (1ms)


Started GET "/assets/jquery_ujs.self.js?body=1" for 127.0.0.1 at 2015-08-05 13:55:56 +0530
Served asset /jquery_ujs.self.js - 200 OK (1ms)


Started GET "/assets/application.self.js?body=1" for 127.0.0.1 at 2015-08-05 13:55:56 +0530
Served asset /application.self.js - 200 OK (1ms)


Started GET "/assets/todos.self.js?body=1" for 127.0.0.1 at 2015-08-05 13:55:56 +0530
Served asset /todos.self.js - 200 OK (1ms)


Started GET "/assets/bootstrap.self.css?body=1" for 127.0.0.1 at 2015-08-05 13:56:02 +0530
Served asset /bootstrap.self.css - 304 Not Modified (1ms)


Started GET "/assets/todos.self.css?body=1" for 127.0.0.1 at 2015-08-05 13:56:02 +0530
Served asset /todos.self.css - 304 Not Modified (2ms)


Started GET "/todos/index" for 127.0.0.1 at 2015-08-05 13:58:17 +0530
Processing by TodosController#index as HTML
  [1m[35mTodo Load (0.3ms)[0m  SELECT "todos".* FROM "todos" 
  Rendered todos/index.html.erb within layouts/application (1.2ms)
Completed 200 OK in 10.5ms (Views: 8.5ms | ActiveRecord: 0.3ms)


Started GET "/assets/bootstrap.self.css?body=1" for 127.0.0.1 at 2015-08-05 13:58:17 +0530
Served asset /bootstrap.self.css - 200 OK (1ms)


Started GET "/assets/jquery.self.js?body=1" for 127.0.0.1 at 2015-08-05 13:58:17 +0530
Served asset /jquery.self.js - 200 OK (1ms)


Started GET "/assets/todos.self.css?body=1" for 127.0.0.1 at 2015-08-05 13:58:17 +0530
Served asset /todos.self.css - 200 OK (1ms)


Started GET "/assets/jquery_ujs.self.js?body=1" for 127.0.0.1 at 2015-08-05 13:58:17 +0530
Served asset /jquery_ujs.self.js - 200 OK (1ms)


Started GET "/assets/application.self.js?body=1" for 127.0.0.1 at 2015-08-05 13:58:17 +0530
Served asset /application.self.js - 200 OK (1ms)


Started GET "/assets/todos.self.js?body=1" for 127.0.0.1 at 2015-08-05 13:58:17 +0530
Served asset /todos.self.js - 200 OK (0ms)


Started GET "/todos/index" for 127.0.0.1 at 2015-08-05 13:59:54 +0530
Processing by TodosController#index as HTML
  [1m[36mTodo Load (0.1ms)[0m  [1mSELECT "todos".* FROM "todos" [0m
  Rendered todos/index.html.erb within layouts/application (2.0ms)
Sprockets Cache miss "file_digest:/home/zakir/Temp/todo_app/app/assets/stylesheets/todos.css:1438763393"  (1ms)
Completed 200 OK in 21.3ms (Views: 20.4ms | ActiveRecord: 0.1ms)


Started GET "/assets/bootstrap.self.css?body=1" for 127.0.0.1 at 2015-08-05 13:59:54 +0530
Served asset /bootstrap.self.css - 200 OK (1ms)


Started GET "/assets/todos.self.css?body=1" for 127.0.0.1 at 2015-08-05 13:59:54 +0530
Served asset /todos.self.css - 200 OK (1ms)


Started GET "/assets/jquery.self.js?body=1" for 127.0.0.1 at 2015-08-05 13:59:54 +0530
Served asset /jquery.self.js - 200 OK (4ms)


Started GET "/assets/jquery_ujs.self.js?body=1" for 127.0.0.1 at 2015-08-05 13:59:54 +0530
Served asset /jquery_ujs.self.js - 200 OK (1ms)


Started GET "/assets/application.self.js?body=1" for 127.0.0.1 at 2015-08-05 13:59:54 +0530
Served asset /application.self.js - 200 OK (1ms)


Started GET "/assets/todos.self.js?body=1" for 127.0.0.1 at 2015-08-05 13:59:54 +0530
Served asset /todos.self.js - 200 OK (1ms)


Started GET "/todos/index" for 127.0.0.1 at 2015-08-05 14:00:19 +0530
Processing by TodosController#index as HTML
  [1m[35mTodo Load (0.2ms)[0m  SELECT "todos".* FROM "todos" 
  Rendered todos/index.html.erb within layouts/application (1.3ms)
Completed 200 OK in 12.8ms (Views: 11.6ms | ActiveRecord: 0.2ms)


Started GET "/assets/bootstrap.self.css?body=1" for 127.0.0.1 at 2015-08-05 14:00:19 +0530
Served asset /bootstrap.self.css - 200 OK (1ms)


Started GET "/assets/todos.self.css?body=1" for 127.0.0.1 at 2015-08-05 14:00:19 +0530
Served asset /todos.self.css - 200 OK (1ms)


Started GET "/assets/jquery_ujs.self.js?body=1" for 127.0.0.1 at 2015-08-05 14:00:19 +0530
Served asset /jquery_ujs.self.js - 200 OK (3ms)


Started GET "/assets/jquery.self.js?body=1" for 127.0.0.1 at 2015-08-05 14:00:19 +0530
Served asset /jquery.self.js - 200 OK (1ms)


Started GET "/assets/todos.self.js?body=1" for 127.0.0.1 at 2015-08-05 14:00:19 +0530
Served asset /todos.self.js - 200 OK (1ms)


Started GET "/assets/application.self.js?body=1" for 127.0.0.1 at 2015-08-05 14:00:19 +0530
Served asset /application.self.js - 200 OK (2ms)


Started GET "/todos/index" for 127.0.0.1 at 2015-08-05 14:00:24 +0530
Processing by TodosController#index as HTML
  [1m[36mTodo Load (0.2ms)[0m  [1mSELECT "todos".* FROM "todos" [0m
  Rendered todos/index.html.erb within layouts/application (0.9ms)
Completed 200 OK in 42.4ms (Views: 41.2ms | ActiveRecord: 0.2ms)


Started GET "/assets/bootstrap.self.css?body=1" for 127.0.0.1 at 2015-08-05 14:00:24 +0530
Served asset /bootstrap.self.css - 200 OK (1ms)


Started GET "/assets/todos.self.js?body=1" for 127.0.0.1 at 2015-08-05 14:00:24 +0530
Served asset /todos.self.js - 200 OK (1ms)


Started GET "/assets/todos.self.css?body=1" for 127.0.0.1 at 2015-08-05 14:00:24 +0530
Served asset /todos.self.css - 200 OK (1ms)


Started GET "/assets/jquery_ujs.self.js?body=1" for 127.0.0.1 at 2015-08-05 14:00:24 +0530
Served asset /jquery_ujs.self.js - 200 OK (1ms)


Started GET "/assets/jquery.self.js?body=1" for 127.0.0.1 at 2015-08-05 14:00:24 +0530
Served asset /jquery.self.js - 200 OK (1ms)


Started GET "/assets/application.self.js?body=1" for 127.0.0.1 at 2015-08-05 14:00:24 +0530
Served asset /application.self.js - 200 OK (3ms)


Started GET "/todos/index" for 127.0.0.1 at 2015-08-05 14:00:53 +0530
Processing by TodosController#index as HTML
  [1m[35mTodo Load (0.2ms)[0m  SELECT "todos".* FROM "todos" 
  Rendered todos/index.html.erb within layouts/application (0.8ms)
Completed 200 OK in 11.2ms (Views: 9.9ms | ActiveRecord: 0.2ms)


Started GET "/assets/todos.self.css?body=1" for 127.0.0.1 at 2015-08-05 14:00:53 +0530
Served asset /todos.self.css - 200 OK (1ms)


Started GET "/assets/bootstrap.self.css?body=1" for 127.0.0.1 at 2015-08-05 14:00:53 +0530
Served asset /bootstrap.self.css - 200 OK (0ms)


Started GET "/assets/jquery.self.js?body=1" for 127.0.0.1 at 2015-08-05 14:00:53 +0530
Served asset /jquery.self.js - 200 OK (3ms)


Started GET "/assets/jquery_ujs.self.js?body=1" for 127.0.0.1 at 2015-08-05 14:00:53 +0530
Served asset /jquery_ujs.self.js - 200 OK (1ms)


Started GET "/assets/todos.self.js?body=1" for 127.0.0.1 at 2015-08-05 14:00:53 +0530
Served asset /todos.self.js - 200 OK (1ms)


Started GET "/assets/application.self.js?body=1" for 127.0.0.1 at 2015-08-05 14:00:53 +0530
Served asset /application.self.js - 200 OK (1ms)


Started GET "/todos/index" for 127.0.0.1 at 2015-08-05 14:01:17 +0530
Processing by TodosController#index as HTML
  [1m[36mTodo Load (0.2ms)[0m  [1mSELECT "todos".* FROM "todos" [0m
  Rendered todos/index.html.erb within layouts/application (0.8ms)
Sprockets Cache miss "file_digest:/home/zakir/Temp/todo_app/app/assets/stylesheets/todos.css:1438763476"  (2ms)
Completed 200 OK in 22.3ms (Views: 21.2ms | ActiveRecord: 0.2ms)


Started GET "/assets/bootstrap.self.css?body=1" for 127.0.0.1 at 2015-08-05 14:01:17 +0530
Served asset /bootstrap.self.css - 200 OK (9ms)


Started GET "/assets/jquery_ujs.self.js?body=1" for 127.0.0.1 at 2015-08-05 14:01:17 +0530
Served asset /jquery_ujs.self.js - 200 OK (1ms)


Started GET "/assets/todos.self.js?body=1" for 127.0.0.1 at 2015-08-05 14:01:17 +0530
Served asset /todos.self.js - 200 OK (1ms)


Started GET "/assets/todos.self.css?body=1" for 127.0.0.1 at 2015-08-05 14:01:17 +0530
Served asset /todos.self.css - 200 OK (1ms)


Started GET "/assets/jquery.self.js?body=1" for 127.0.0.1 at 2015-08-05 14:01:17 +0530
Served asset /jquery.self.js - 200 OK (3ms)


Started GET "/assets/application.self.js?body=1" for 127.0.0.1 at 2015-08-05 14:01:17 +0530
Served asset /application.self.js - 200 OK (2ms)


Started GET "/todos/index" for 127.0.0.1 at 2015-08-05 14:02:00 +0530
Processing by TodosController#index as HTML
  [1m[35mTodo Load (0.2ms)[0m  SELECT "todos".* FROM "todos" 
  Rendered todos/index.html.erb within layouts/application (1.7ms)
Sprockets Cache miss "file_digest:/home/zakir/Temp/todo_app/app/assets/stylesheets/todos.css:1438763519"  (2ms)
Completed 200 OK in 40.2ms (Views: 38.8ms | ActiveRecord: 0.2ms)


Started GET "/assets/bootstrap.self.css?body=1" for 127.0.0.1 at 2015-08-05 14:02:01 +0530
Served asset /bootstrap.self.css - 200 OK (1ms)


Started GET "/assets/todos.self.css?body=1" for 127.0.0.1 at 2015-08-05 14:02:01 +0530
Served asset /todos.self.css - 200 OK (2ms)


Started GET "/assets/application.self.js?body=1" for 127.0.0.1 at 2015-08-05 14:02:01 +0530
Served asset /application.self.js - 200 OK (2ms)


Started GET "/assets/jquery.self.js?body=1" for 127.0.0.1 at 2015-08-05 14:02:01 +0530
Served asset /jquery.self.js - 200 OK (1ms)


Started GET "/assets/jquery_ujs.self.js?body=1" for 127.0.0.1 at 2015-08-05 14:02:01 +0530
Served asset /jquery_ujs.self.js - 200 OK (1ms)


Started GET "/assets/todos.self.js?body=1" for 127.0.0.1 at 2015-08-05 14:02:01 +0530
Served asset /todos.self.js - 200 OK (1ms)


Started GET "/todos/index" for 127.0.0.1 at 2015-08-05 14:02:06 +0530
Processing by TodosController#index as HTML
  [1m[36mTodo Load (0.2ms)[0m  [1mSELECT "todos".* FROM "todos" [0m
  Rendered todos/index.html.erb within layouts/application (0.7ms)
Sprockets Cache miss "file_digest:/home/zakir/Temp/todo_app/app/assets/stylesheets/todos.css:1438763526"  (2ms)
Completed 200 OK in 11.6ms (Views: 10.5ms | ActiveRecord: 0.2ms)


Started GET "/assets/bootstrap.self.css?body=1" for 127.0.0.1 at 2015-08-05 14:02:06 +0530
Served asset /bootstrap.self.css - 200 OK (0ms)


Started GET "/assets/todos.self.css?body=1" for 127.0.0.1 at 2015-08-05 14:02:06 +0530
Served asset /todos.self.css - 200 OK (2ms)


Started GET "/assets/jquery.self.js?body=1" for 127.0.0.1 at 2015-08-05 14:02:06 +0530
Served asset /jquery.self.js - 200 OK (1ms)


Started GET "/assets/jquery_ujs.self.js?body=1" for 127.0.0.1 at 2015-08-05 14:02:06 +0530
Served asset /jquery_ujs.self.js - 200 OK (1ms)


Started GET "/assets/application.self.js?body=1" for 127.0.0.1 at 2015-08-05 14:02:06 +0530
Served asset /application.self.js - 200 OK (1ms)


Started GET "/assets/todos.self.js?body=1" for 127.0.0.1 at 2015-08-05 14:02:06 +0530
Served asset /todos.self.js - 200 OK (1ms)


Started GET "/todos/index" for 127.0.0.1 at 2015-08-05 14:02:33 +0530
Processing by TodosController#index as HTML
  [1m[35mTodo Load (0.1ms)[0m  SELECT "todos".* FROM "todos" 
  Rendered todos/index.html.erb within layouts/application (1.1ms)
Sprockets Cache miss "file_digest:/home/zakir/Temp/todo_app/app/assets/stylesheets/todos.css:1438763545"  (10ms)
Completed 200 OK in 80.6ms (Views: 79.8ms | ActiveRecord: 0.1ms)


Started GET "/assets/bootstrap.self.css?body=1" for 127.0.0.1 at 2015-08-05 14:02:33 +0530
Served asset /bootstrap.self.css - 200 OK (3ms)


Started GET "/assets/todos.self.css?body=1" for 127.0.0.1 at 2015-08-05 14:02:33 +0530
Served asset /todos.self.css - 200 OK (1ms)


Started GET "/assets/jquery.self.js?body=1" for 127.0.0.1 at 2015-08-05 14:02:33 +0530
Served asset /jquery.self.js - 200 OK (1ms)


Started GET "/assets/todos.self.js?body=1" for 127.0.0.1 at 2015-08-05 14:02:33 +0530
Served asset /todos.self.js - 200 OK (1ms)


Started GET "/assets/jquery_ujs.self.js?body=1" for 127.0.0.1 at 2015-08-05 14:02:33 +0530
Served asset /jquery_ujs.self.js - 200 OK (1ms)


Started GET "/assets/application.self.js?body=1" for 127.0.0.1 at 2015-08-05 14:02:33 +0530
Served asset /application.self.js - 200 OK (3ms)


Started GET "/todos/index" for 127.0.0.1 at 2015-08-05 14:02:41 +0530
Processing by TodosController#index as HTML
  [1m[36mTodo Load (0.4ms)[0m  [1mSELECT "todos".* FROM "todos" [0m
  Rendered todos/index.html.erb within layouts/application (0.8ms)
Completed 200 OK in 9.7ms (Views: 7.7ms | ActiveRecord: 0.4ms)


Started GET "/assets/bootstrap.self.css?body=1" for 127.0.0.1 at 2015-08-05 14:02:41 +0530
Served asset /bootstrap.self.css - 200 OK (3ms)


Started GET "/assets/todos.self.css?body=1" for 127.0.0.1 at 2015-08-05 14:02:41 +0530
Served asset /todos.self.css - 200 OK (1ms)


Started GET "/assets/jquery.self.js?body=1" for 127.0.0.1 at 2015-08-05 14:02:41 +0530
Served asset /jquery.self.js - 200 OK (1ms)


Started GET "/assets/jquery_ujs.self.js?body=1" for 127.0.0.1 at 2015-08-05 14:02:41 +0530
Served asset /jquery_ujs.self.js - 200 OK (3ms)


Started GET "/assets/application.self.js?body=1" for 127.0.0.1 at 2015-08-05 14:02:41 +0530
Served asset /application.self.js - 200 OK (2ms)


Started GET "/assets/todos.self.js?body=1" for 127.0.0.1 at 2015-08-05 14:02:41 +0530
Served asset /todos.self.js - 200 OK (1ms)


Started GET "/todos/index" for 127.0.0.1 at 2015-08-05 14:02:50 +0530
Processing by TodosController#index as HTML
  [1m[35mTodo Load (0.2ms)[0m  SELECT "todos".* FROM "todos" 
  Rendered todos/index.html.erb within layouts/application (1.3ms)
Sprockets Cache miss "file_digest:/home/zakir/Temp/todo_app/app/assets/stylesheets/todos.css:1438763569"  (1ms)
Completed 200 OK in 11.0ms (Views: 9.7ms | ActiveRecord: 0.2ms)


Started GET "/assets/bootstrap.self.css?body=1" for 127.0.0.1 at 2015-08-05 14:02:50 +0530
Served asset /bootstrap.self.css - 200 OK (1ms)


Started GET "/assets/todos.self.css?body=1" for 127.0.0.1 at 2015-08-05 14:02:50 +0530
Served asset /todos.self.css - 200 OK (0ms)


Started GET "/assets/jquery.self.js?body=1" for 127.0.0.1 at 2015-08-05 14:02:50 +0530
Served asset /jquery.self.js - 200 OK (0ms)


Started GET "/assets/todos.self.js?body=1" for 127.0.0.1 at 2015-08-05 14:02:50 +0530
Served asset /todos.self.js - 200 OK (1ms)


Started GET "/assets/application.self.js?body=1" for 127.0.0.1 at 2015-08-05 14:02:50 +0530
Served asset /application.self.js - 200 OK (50ms)


Started GET "/assets/jquery_ujs.self.js?body=1" for 127.0.0.1 at 2015-08-05 14:02:50 +0530
Served asset /jquery_ujs.self.js - 200 OK (1ms)


Started GET "/todos/index" for 127.0.0.1 at 2015-08-05 14:03:06 +0530
Processing by TodosController#index as HTML
  [1m[36mTodo Load (0.2ms)[0m  [1mSELECT "todos".* FROM "todos" [0m
  Rendered todos/index.html.erb within layouts/application (1.3ms)
Sprockets Cache miss "file_digest:/home/zakir/Temp/todo_app/app/assets/stylesheets/todos.css:1438763585"  (2ms)
Completed 200 OK in 21.5ms (Views: 20.3ms | ActiveRecord: 0.2ms)


Started GET "/assets/todos.self.css?body=1" for 127.0.0.1 at 2015-08-05 14:03:06 +0530
Served asset /todos.self.css - 200 OK (1ms)


Started GET "/assets/bootstrap.self.css?body=1" for 127.0.0.1 at 2015-08-05 14:03:06 +0530
Served asset /bootstrap.self.css - 200 OK (1ms)


Started GET "/assets/todos.self.js?body=1" for 127.0.0.1 at 2015-08-05 14:03:06 +0530
Served asset /todos.self.js - 200 OK (1ms)


Started GET "/assets/jquery_ujs.self.js?body=1" for 127.0.0.1 at 2015-08-05 14:03:06 +0530
Served asset /jquery_ujs.self.js - 200 OK (0ms)


Started GET "/assets/jquery.self.js?body=1" for 127.0.0.1 at 2015-08-05 14:03:06 +0530
Served asset /jquery.self.js - 200 OK (1ms)


Started GET "/assets/application.self.js?body=1" for 127.0.0.1 at 2015-08-05 14:03:06 +0530
Served asset /application.self.js - 200 OK (2ms)


Started GET "/todos/index" for 127.0.0.1 at 2015-08-05 14:04:31 +0530
Processing by TodosController#index as HTML
  [1m[35mTodo Load (0.1ms)[0m  SELECT "todos".* FROM "todos" 
  Rendered todos/index.html.erb within layouts/application (1.0ms)
Sprockets Cache miss "file_digest:/home/zakir/Temp/todo_app/app/assets/stylesheets/todos.css:1438763658"  (2ms)
Completed 200 OK in 13.5ms (Views: 12.7ms | ActiveRecord: 0.1ms)


Started GET "/assets/bootstrap.self.css?body=1" for 127.0.0.1 at 2015-08-05 14:04:31 +0530
Served asset /bootstrap.self.css - 200 OK (1ms)


Started GET "/assets/todos.self.css?body=1" for 127.0.0.1 at 2015-08-05 14:04:31 +0530
Served asset /todos.self.css - 200 OK (1ms)


Started GET "/assets/jquery.self.js?body=1" for 127.0.0.1 at 2015-08-05 14:04:31 +0530
Served asset /jquery.self.js - 200 OK (1ms)


Started GET "/assets/application.self.js?body=1" for 127.0.0.1 at 2015-08-05 14:04:31 +0530
Served asset /application.self.js - 200 OK (1ms)


Started GET "/assets/todos.self.js?body=1" for 127.0.0.1 at 2015-08-05 14:04:31 +0530
Served asset /todos.self.js - 200 OK (1ms)


Started GET "/assets/jquery_ujs.self.js?body=1" for 127.0.0.1 at 2015-08-05 14:04:31 +0530
Served asset /jquery_ujs.self.js - 200 OK (1ms)


Started GET "/todos/index" for 127.0.0.1 at 2015-08-05 14:04:43 +0530
Processing by TodosController#index as HTML
  [1m[36mTodo Load (0.2ms)[0m  [1mSELECT "todos".* FROM "todos" [0m
  Rendered todos/index.html.erb within layouts/application (0.9ms)
Completed 200 OK in 9.0ms (Views: 7.7ms | ActiveRecord: 0.2ms)


Started GET "/assets/bootstrap.self.css?body=1" for 127.0.0.1 at 2015-08-05 14:04:43 +0530
Served asset /bootstrap.self.css - 200 OK (50ms)


Started GET "/assets/todos.self.css?body=1" for 127.0.0.1 at 2015-08-05 14:04:43 +0530
Served asset /todos.self.css - 200 OK (3ms)


Started GET "/assets/jquery_ujs.self.js?body=1" for 127.0.0.1 at 2015-08-05 14:04:43 +0530
Served asset /jquery_ujs.self.js - 200 OK (1ms)


Started GET "/assets/jquery.self.js?body=1" for 127.0.0.1 at 2015-08-05 14:04:43 +0530
Served asset /jquery.self.js - 200 OK (1ms)


Started GET "/assets/todos.self.js?body=1" for 127.0.0.1 at 2015-08-05 14:04:43 +0530
Served asset /todos.self.js - 200 OK (1ms)


Started GET "/assets/application.self.js?body=1" for 127.0.0.1 at 2015-08-05 14:04:43 +0530
Served asset /application.self.js - 200 OK (1ms)


Started GET "/assets/bootstrap.self.css?body=1" for 127.0.0.1 at 2015-08-05 14:06:14 +0530
Served asset /bootstrap.self.css - 304 Not Modified (0ms)


Started GET "/assets/todos.self.css?body=1" for 127.0.0.1 at 2015-08-05 14:06:14 +0530
Served asset /todos.self.css - 304 Not Modified (1ms)


Started GET "/todos/index" for 127.0.0.1 at 2015-08-05 14:06:22 +0530
Processing by TodosController#index as HTML
  [1m[35mTodo Load (0.2ms)[0m  SELECT "todos".* FROM "todos" 
  Rendered todos/index.html.erb within layouts/application (0.8ms)
Completed 200 OK in 7.0ms (Views: 5.9ms | ActiveRecord: 0.2ms)


Started GET "/assets/bootstrap.self.css?body=1" for 127.0.0.1 at 2015-08-05 14:06:22 +0530
Served asset /bootstrap.self.css - 200 OK (1ms)


Started GET "/assets/application.self.js?body=1" for 127.0.0.1 at 2015-08-05 14:06:22 +0530
Served asset /application.self.js - 200 OK (6ms)


Started GET "/assets/todos.self.js?body=1" for 127.0.0.1 at 2015-08-05 14:06:22 +0530
Served asset /todos.self.js - 200 OK (0ms)


Started GET "/assets/todos.self.css?body=1" for 127.0.0.1 at 2015-08-05 14:06:22 +0530
Served asset /todos.self.css - 200 OK (0ms)


Started GET "/assets/jquery.self.js?body=1" for 127.0.0.1 at 2015-08-05 14:06:22 +0530
Served asset /jquery.self.js - 200 OK (1ms)


Started GET "/assets/jquery_ujs.self.js?body=1" for 127.0.0.1 at 2015-08-05 14:06:22 +0530
Served asset /jquery_ujs.self.js - 200 OK (1ms)


Started GET "/todos/index" for 127.0.0.1 at 2015-08-05 14:06:34 +0530
Processing by TodosController#index as HTML
  [1m[36mTodo Load (0.1ms)[0m  [1mSELECT "todos".* FROM "todos" [0m
  Rendered todos/index.html.erb within layouts/application (2.1ms)
Completed 200 OK in 9.1ms (Views: 8.4ms | ActiveRecord: 0.1ms)


Started GET "/assets/bootstrap.self.css?body=1" for 127.0.0.1 at 2015-08-05 14:06:35 +0530
Served asset /bootstrap.self.css - 200 OK (1ms)


Started GET "/assets/todos.self.css?body=1" for 127.0.0.1 at 2015-08-05 14:06:35 +0530
Served asset /todos.self.css - 200 OK (1ms)


Started GET "/assets/jquery.self.js?body=1" for 127.0.0.1 at 2015-08-05 14:06:35 +0530
Served asset /jquery.self.js - 200 OK (1ms)


Started GET "/assets/todos.self.js?body=1" for 127.0.0.1 at 2015-08-05 14:06:35 +0530
Served asset /todos.self.js - 200 OK (1ms)


Started GET "/assets/application.self.js?body=1" for 127.0.0.1 at 2015-08-05 14:06:35 +0530
Served asset /application.self.js - 200 OK (2ms)


Started GET "/assets/jquery_ujs.self.js?body=1" for 127.0.0.1 at 2015-08-05 14:06:35 +0530
Served asset /jquery_ujs.self.js - 200 OK (2ms)


Started GET "/todos/index" for 127.0.0.1 at 2015-08-05 14:07:04 +0530
Processing by TodosController#index as HTML
  [1m[35mTodo Load (0.2ms)[0m  SELECT "todos".* FROM "todos" 
  Rendered todos/index.html.erb within layouts/application (0.8ms)
Completed 200 OK in 8.3ms (Views: 7.1ms | ActiveRecord: 0.2ms)


Started GET "/assets/bootstrap.self.css?body=1" for 127.0.0.1 at 2015-08-05 14:07:04 +0530
Served asset /bootstrap.self.css - 304 Not Modified (1ms)


Started GET "/assets/todos.self.css?body=1" for 127.0.0.1 at 2015-08-05 14:07:04 +0530
Served asset /todos.self.css - 304 Not Modified (2ms)


Started GET "/assets/jquery.self.js?body=1" for 127.0.0.1 at 2015-08-05 14:07:04 +0530
Served asset /jquery.self.js - 304 Not Modified (2ms)


Started GET "/assets/jquery_ujs.self.js?body=1" for 127.0.0.1 at 2015-08-05 14:07:04 +0530
Served asset /jquery_ujs.self.js - 304 Not Modified (1ms)


Started GET "/assets/application.self.js?body=1" for 127.0.0.1 at 2015-08-05 14:07:04 +0530
Served asset /application.self.js - 304 Not Modified (2ms)


Started GET "/assets/todos.self.js?body=1" for 127.0.0.1 at 2015-08-05 14:07:04 +0530
Served asset /todos.self.js - 304 Not Modified (0ms)


Started GET "/assets/bootstrap.self.css?body=1" for 127.0.0.1 at 2015-08-05 14:07:14 +0530
Served asset /bootstrap.self.css - 304 Not Modified (0ms)


Started GET "/assets/todos.self.css?body=1" for 127.0.0.1 at 2015-08-05 14:07:15 +0530
Served asset /todos.self.css - 304 Not Modified (0ms)


Started GET "/todos/index" for 127.0.0.1 at 2015-08-05 14:08:42 +0530
Processing by TodosController#index as HTML
  [1m[36mTodo Load (0.1ms)[0m  [1mSELECT "todos".* FROM "todos" [0m
  Rendered todos/index.html.erb within layouts/application (0.7ms)
Completed 200 OK in 6.9ms (Views: 6.1ms | ActiveRecord: 0.1ms)


Started GET "/assets/bootstrap.self.css?body=1" for 127.0.0.1 at 2015-08-05 14:08:42 +0530
Served asset /bootstrap.self.css - 200 OK (1ms)


Started GET "/assets/application.self.js?body=1" for 127.0.0.1 at 2015-08-05 14:08:43 +0530
Served asset /application.self.js - 200 OK (2ms)


Started GET "/assets/todos.self.css?body=1" for 127.0.0.1 at 2015-08-05 14:08:43 +0530
Served asset /todos.self.css - 200 OK (1ms)


Started GET "/assets/jquery_ujs.self.js?body=1" for 127.0.0.1 at 2015-08-05 14:08:43 +0530
Served asset /jquery_ujs.self.js - 200 OK (1ms)


Started GET "/assets/todos.self.js?body=1" for 127.0.0.1 at 2015-08-05 14:08:43 +0530
Served asset /todos.self.js - 200 OK (1ms)


Started GET "/assets/jquery.self.js?body=1" for 127.0.0.1 at 2015-08-05 14:08:43 +0530
Served asset /jquery.self.js - 200 OK (1ms)


Started GET "/assets/bootstrap.self.css?body=1" for 127.0.0.1 at 2015-08-05 14:09:45 +0530
Served asset /bootstrap.self.css - 304 Not Modified (1ms)


Started GET "/assets/todos.self.css?body=1" for 127.0.0.1 at 2015-08-05 14:09:45 +0530
Served asset /todos.self.css - 304 Not Modified (0ms)
